TN:
SF:A.0000000000000007.FlowtyWrapped
DA:56,0
DA:57,0
DA:58,0
DA:59,0
DA:68,0
DA:87,0
DA:89,0
DA:90,0
DA:92,0
DA:93,0
DA:95,0
DA:96,0
DA:98,0
DA:102,0
DA:104,0
DA:106,0
DA:108,0
DA:110,0
DA:111,0
DA:113,0
DA:125,0
DA:141,1
DA:150,0
DA:152,0
DA:154,0
DA:162,0
DA:164,0
DA:167,0
DA:169,0
DA:171,0
DA:179,0
DA:189,0
DA:199,0
DA:201,0
DA:202,0
DA:205,0
DA:216,0
DA:217,0
DA:221,0
DA:230,0
DA:246,0
DA:248,0
DA:249,0
DA:251,0
DA:256,0
DA:259,0
DA:263,0
DA:273,0
DA:275,0
DA:283,0
DA:287,0
DA:308,0
DA:317,0
DA:324,0
DA:328,0
DA:336,0
DA:340,0
DA:345,1
DA:347,1
DA:350,1
DA:351,1
DA:352,1
DA:353,1
DA:354,1
DA:357,1
DA:358,1
DA:361,1
DA:367,1
DA:368,1
DA:369,1
DA:371,1
DA:373,1
DA:374,1
DA:375,1
DA:377,1
DA:378,1
DA:379,1
LF:77
LH:21
end_of_record
TN:
SF:A.0000000000000009.FlowtyRaffles
DA:19,0
DA:20,0
DA:102,0
DA:103,0
DA:107,0
DA:110,0
DA:111,0
DA:113,0
DA:114,0
DA:118,0
DA:119,0
DA:121,0
DA:122,0
DA:134,0
DA:135,0
DA:136,0
DA:137,0
DA:138,0
DA:161,0
DA:166,0
DA:167,0
DA:168,0
DA:170,0
DA:171,0
DA:178,0
DA:181,0
DA:182,0
DA:183,0
DA:188,0
DA:190,0
DA:194,0
DA:198,0
DA:202,0
DA:206,0
DA:207,0
DA:208,0
DA:209,0
DA:216,0
DA:217,0
DA:218,0
DA:219,0
DA:222,0
DA:223,0
DA:229,0
DA:230,0
DA:266,0
DA:270,0
DA:271,0
DA:274,0
DA:285,0
DA:286,0
DA:287,0
DA:289,0
DA:290,0
DA:298,0
DA:301,0
DA:302,0
DA:303,0
DA:304,0
DA:306,0
DA:307,0
DA:309,0
DA:310,0
DA:318,0
DA:319,0
DA:323,0
DA:326,0
DA:327,0
DA:328,0
DA:330,0
DA:331,0
DA:335,1
DA:339,0
DA:359,0
DA:363,0
DA:364,0
DA:367,0
DA:368,0
DA:369,0
DA:370,0
DA:373,0
DA:374,0
DA:377,0
DA:379,0
DA:381,0
DA:384,0
DA:388,1
DA:392,1
DA:394,1
DA:395,1
LF:90
LH:5
end_of_record
